2023-06-17 11:55:56.822 [info] Log level: Info
2023-06-17 11:55:56.822 [info] Validating found git in: "git"
2023-06-17 11:55:56.822 [info] Using git "2.40.0" from "git"
2023-06-17 11:55:56.822 [info] > git rev-parse --show-toplevel [27ms]
2023-06-17 11:55:56.822 [info] > git rev-parse --git-dir --git-common-dir [2ms]
2023-06-17 11:55:56.822 [info] Open repository: /workspace/dynamic-nft
2023-06-17 11:55:56.822 [info] > git config --get commit.template [1ms]
2023-06-17 11:55:56.822 [info] > git rev-parse --show-toplevel [9ms]
2023-06-17 11:55:56.822 [info] > git rev-parse --show-toplevel [6ms]
2023-06-17 11:55:56.822 [info] > git for-each-ref --format=%(refname)%00%(upstream:short)%00%(objectname)%00%(upstream:track)%00%(upstream:remotename)%00%(upstream:remoteref) refs/heads/master refs/remotes/master [7ms]
2023-06-17 11:55:56.822 [info] > git rev-parse --show-toplevel [7ms]
2023-06-17 11:55:56.822 [info] > git status -z -uall [7ms]
2023-06-17 11:55:56.822 [info] > git rev-parse --show-toplevel [17ms]
2023-06-17 11:55:56.822 [info] > git config --get commit.template [10ms]
2023-06-17 11:55:56.822 [info] > git rev-parse --show-toplevel [2ms]
2023-06-17 11:55:56.822 [info] > git rev-parse --show-toplevel [9ms]
2023-06-17 11:55:56.822 [info] > git for-each-ref --format=%(refname)%00%(upstream:short)%00%(objectname)%00%(upstream:track)%00%(upstream:remotename)%00%(upstream:remoteref) refs/heads/master refs/remotes/master [5ms]
2023-06-17 11:55:56.822 [info] > git status -z -uall [9ms]
2023-06-17 11:55:56.989 [info] > git show --textconv :src/lib.rs [10ms]
2023-06-17 11:55:56.990 [info] > git ls-files --stage -- /workspace/dynamic-nft/src/lib.rs [1ms]
2023-06-17 11:55:57.000 [info] > git cat-file -s 7c871fc7776f1df1f9e6cc3b9c57b11b2b53b46a [1ms]
2023-06-17 11:55:57.231 [info] > git check-ignore -v -z --stdin [1ms]
2023-06-17 11:55:57.542 [info] > git config --local branch.master.github-pr-owner-number [1ms]
2023-06-17 11:55:57.555 [info] > git config --get commit.template [7ms]
2023-06-17 11:55:57.556 [info] > git for-each-ref --format=%(refname)%00%(upstream:short)%00%(objectname)%00%(upstream:track)%00%(upstream:remotename)%00%(upstream:remoteref) refs/heads/master refs/remotes/master [2ms]
2023-06-17 11:55:57.563 [info] > git status -z -uall [2ms]
2023-06-17 11:56:14.538 [info] > git show --textconv :src/contract.rs [5ms]
2023-06-17 11:56:14.541 [info] > git ls-files --stage -- /workspace/dynamic-nft/src/contract.rs [3ms]
2023-06-17 11:56:14.549 [info] > git cat-file -s 471b34bfea4b3d1b082e04e21b68ac0ae6945bf3 [1ms]
2023-06-17 11:58:13.232 [info] > git check-ignore -v -z --stdin [3ms]
2023-06-17 11:59:31.043 [info] > git check-ignore -v -z --stdin [1ms]
2023-06-17 12:00:57.441 [info] > git config --local branch.master.github-pr-owner-number [1ms]
2023-06-17 12:00:57.452 [info] > git config --get commit.template [5ms]
2023-06-17 12:00:57.452 [info] > git for-each-ref --format=%(refname)%00%(upstream:short)%00%(objectname)%00%(upstream:track)%00%(upstream:remotename)%00%(upstream:remoteref) refs/heads/master refs/remotes/master [1ms]
2023-06-17 12:00:57.459 [info] > git status -z -uall [1ms]
2023-06-17 12:02:27.304 [info] > git config --get commit.template [9ms]
2023-06-17 12:02:27.327 [info] > git for-each-ref --format=%(refname)%00%(upstream:short)%00%(objectname)%00%(upstream:track)%00%(upstream:remotename)%00%(upstream:remoteref) refs/heads/master refs/remotes/master [24ms]
2023-06-17 12:02:27.353 [info] > git status -z -uall [8ms]
2023-06-17 12:02:27.960 [info] > git check-ignore -v -z --stdin [2ms]
2023-06-17 12:02:32.371 [info] > git config --get commit.template [6ms]
2023-06-17 12:02:32.371 [info] > git for-each-ref --format=%(refname)%00%(upstream:short)%00%(objectname)%00%(upstream:track)%00%(upstream:remotename)%00%(upstream:remoteref) refs/heads/master refs/remotes/master [1ms]
2023-06-17 12:02:32.379 [info] > git status -z -uall [2ms]
2023-06-17 12:02:33.390 [info] > git check-ignore -v -z --stdin [1ms]
2023-06-17 12:02:37.878 [info] > git check-ignore -v -z --stdin [1ms]
2023-06-17 12:02:40.767 [info] > git check-ignore -v -z --stdin [1ms]
2023-06-17 12:02:43.611 [info] > git check-ignore -v -z --stdin [1ms]
2023-06-17 12:02:47.339 [info] > git check-ignore -v -z --stdin [2ms]
2023-06-17 12:03:54.680 [info] > git check-ignore -v -z --stdin [1ms]
2023-06-17 12:05:57.469 [info] > git config --local branch.master.github-pr-owner-number [1ms]
2023-06-17 12:05:57.479 [info] > git config --get commit.template [5ms]
2023-06-17 12:05:57.480 [info] > git for-each-ref --format=%(refname)%00%(upstream:short)%00%(objectname)%00%(upstream:track)%00%(upstream:remotename)%00%(upstream:remoteref) refs/heads/master refs/remotes/master [1ms]
2023-06-17 12:05:57.486 [info] > git status -z -uall [2ms]
2023-06-17 12:10:57.497 [info] > git config --local branch.master.github-pr-owner-number [1ms]
2023-06-17 12:10:57.507 [info] > git config --get commit.template [5ms]
2023-06-17 12:10:57.508 [info] > git for-each-ref --format=%(refname)%00%(upstream:short)%00%(objectname)%00%(upstream:track)%00%(upstream:remotename)%00%(upstream:remoteref) refs/heads/master refs/remotes/master [1ms]
2023-06-17 12:10:57.515 [info] > git status -z -uall [1ms]
2023-06-17 12:15:57.525 [info] > git config --local branch.master.github-pr-owner-number [1ms]
2023-06-17 12:15:57.537 [info] > git config --get commit.template [6ms]
2023-06-17 12:15:57.538 [info] > git for-each-ref --format=%(refname)%00%(upstream:short)%00%(objectname)%00%(upstream:track)%00%(upstream:remotename)%00%(upstream:remoteref) refs/heads/master refs/remotes/master [2ms]
2023-06-17 12:15:57.547 [info] > git status -z -uall [2ms]
2023-06-17 12:20:57.557 [info] > git config --local branch.master.github-pr-owner-number [1ms]
2023-06-17 12:20:57.568 [info] > git config --get commit.template [5ms]
2023-06-17 12:20:57.569 [info] > git for-each-ref --format=%(refname)%00%(upstream:short)%00%(objectname)%00%(upstream:track)%00%(upstream:remotename)%00%(upstream:remoteref) refs/heads/master refs/remotes/master [1ms]
2023-06-17 12:20:57.575 [info] > git status -z -uall [2ms]
2023-06-17 12:25:57.584 [info] > git config --local branch.master.github-pr-owner-number [1ms]
2023-06-17 12:25:57.594 [info] > git config --get commit.template [4ms]
2023-06-17 12:25:57.594 [info] > git for-each-ref --format=%(refname)%00%(upstream:short)%00%(objectname)%00%(upstream:track)%00%(upstream:remotename)%00%(upstream:remoteref) refs/heads/master refs/remotes/master [1ms]
2023-06-17 12:25:57.600 [info] > git status -z -uall [2ms]
2023-06-17 12:30:57.612 [info] > git config --local branch.master.github-pr-owner-number [1ms]
2023-06-17 12:30:57.631 [info] > git config --get commit.template [11ms]
2023-06-17 12:30:57.631 [info] > git for-each-ref --format=%(refname)%00%(upstream:short)%00%(objectname)%00%(upstream:track)%00%(upstream:remotename)%00%(upstream:remoteref) refs/heads/master refs/remotes/master [1ms]
2023-06-17 12:30:57.642 [info] > git status -z -uall [2ms]
2023-06-17 12:35:57.653 [info] > git config --local branch.master.github-pr-owner-number [1ms]
2023-06-17 12:35:57.667 [info] > git config --get commit.template [8ms]
2023-06-17 12:35:57.667 [info] > git for-each-ref --format=%(refname)%00%(upstream:short)%00%(objectname)%00%(upstream:track)%00%(upstream:remotename)%00%(upstream:remoteref) refs/heads/master refs/remotes/master [1ms]
2023-06-17 12:35:57.675 [info] > git status -z -uall [2ms]
2023-06-17 12:40:57.686 [info] > git config --local branch.master.github-pr-owner-number [1ms]
2023-06-17 12:40:57.697 [info] > git config --get commit.template [6ms]
2023-06-17 12:40:57.698 [info] > git for-each-ref --format=%(refname)%00%(upstream:short)%00%(objectname)%00%(upstream:track)%00%(upstream:remotename)%00%(upstream:remoteref) refs/heads/master refs/remotes/master [1ms]
2023-06-17 12:40:57.704 [info] > git status -z -uall [2ms]
2023-06-17 12:45:57.713 [info] > git config --local branch.master.github-pr-owner-number [1ms]
2023-06-17 12:45:57.727 [info] > git config --get commit.template [10ms]
2023-06-17 12:45:57.728 [info] > git for-each-ref --format=%(refname)%00%(upstream:short)%00%(objectname)%00%(upstream:track)%00%(upstream:remotename)%00%(upstream:remoteref) refs/heads/master refs/remotes/master [0ms]
2023-06-17 12:45:57.738 [info] > git status -z -uall [2ms]
2023-06-17 12:50:57.748 [info] > git config --local branch.master.github-pr-owner-number [1ms]
2023-06-17 12:50:57.759 [info] > git config --get commit.template [6ms]
2023-06-17 12:50:57.760 [info] > git for-each-ref --format=%(refname)%00%(upstream:short)%00%(objectname)%00%(upstream:track)%00%(upstream:remotename)%00%(upstream:remoteref) refs/heads/master refs/remotes/master [1ms]
2023-06-17 12:50:57.767 [info] > git status -z -uall [2ms]
